2021-12-13 14:12:840 INFO  ManageDriver :30 - Launching Chrome Browser
2021-12-13 14:12:270 INFO  ManageDriver :30 - Launching Chrome Browser
2021-12-13 14:12:356 INFO  ManageDriver :30 - Launching Chrome Browser
2021-12-13 14:12:598 INFO  ManageDriver :30 - Launching Chrome Browser
2021-12-13 14:12:988 INFO  ManageDriver :30 - Launching Chrome Browser
2021-12-13 14:12:67 INFO  ManageDriver :30 - Launching Chrome Browser
2021-12-13 14:12:654 INFO  ManageDriver :30 - Launching Chrome Browser
2021-12-13 15:12:180 INFO  ManageDriver :30 - Launching Chrome Browser
2021-12-13 15:12:757 INFO  ManageDriver :30 - Launching Chrome Browser
2021-12-13 15:12:720 INFO  ManageDriver :30 - Launching Chrome Browser
2021-12-13 15:12:320 INFO  ManageDriver :30 - Launching Chrome Browser
2021-12-13 15:12:570 INFO  ManageDriver :30 - Launching Chrome Browser
2021-12-13 15:12:990 INFO  ManageDriver :30 - Launching Chrome Browser
2021-12-13 15:12:223 INFO  ManageDriver :30 - Launching Chrome Browser
2021-12-13 15:12:433 INFO  ManageDriver :30 - Launching Chrome Browser
2021-12-13 15:12:60 INFO  ManageDriver :30 - Launching Chrome Browser
2021-12-13 16:12:618 INFO  ManageDriver :30 - Launching Chrome Browser
2021-12-13 16:12:285 INFO  ManageDriver :30 - Launching Chrome Browser
2021-12-13 16:12:506 INFO  ManageDriver :30 - Launching Chrome Browser
2021-12-13 16:12:626 INFO  ManageDriver :30 - Launching Chrome Browser
2021-12-13 16:12:250 INFO  ManageDriver :30 - Launching Chrome Browser
2021-12-13 16:12:310 INFO  ManageDriver :30 - Launching Chrome Browser
2021-12-13 16:12:499 INFO  ManageDriver :30 - Launching Chrome Browser
2021-12-13 16:12:898 INFO  ManageDriver :30 - Launching Chrome Browser
2021-12-13 16:12:01 INFO  DurationOfStayPage :32 - Selecting length of stay: [[[ChromeDriver: chrome on WINDOWS (ea69175933bce77eb9de982fa2cdd7fb)] -> xpath: //input[@type='radio']], [[ChromeDriver: chrome on WINDOWS (ea69175933bce77eb9de982fa2cdd7fb)] -> xpath: //input[@type='radio']]]
2021-12-13 16:12:37 INFO  DurationOfStayPage :44 - Clicking on Continue button  [[ChromeDriver: chrome on WINDOWS (ea69175933bce77eb9de982fa2cdd7fb)] -> xpath: //button[text()='Continue']]
2021-12-13 16:12:122 INFO  ManageDriver :30 - Launching Chrome Browser
2021-12-13 16:12:165 INFO  FamilyImmigrationStatusPage :31 - Selecting immigration status  [[[ChromeDriver: chrome on WINDOWS (92a9573de1d089f94a01ecf722469c99)] -> xpath: //div[@class='govuk-radios']//label], [[ChromeDriver: chrome on WINDOWS (92a9573de1d089f94a01ecf722469c99)] -> xpath: //div[@class='govuk-radios']//label]]
2021-12-13 16:12:205 INFO  FamilyImmigrationStatusPage :40 - Clicking on continue button  [[ChromeDriver: chrome on WINDOWS (92a9573de1d089f94a01ecf722469c99)] -> xpath: //button[text()='Continue']]
2021-12-13 16:12:812 INFO  ManageDriver :30 - Launching Chrome Browser
2021-12-13 16:12:53 INFO  StartPage :28 - Clicking on 'Accept All' Cookies  [[ChromeDriver: chrome on WINDOWS (caf4c51989c09be93b5bb068a1990f41)] -> xpath: //button[normalize-space()='Accept additional cookies']]
2021-12-13 16:12:91 INFO  StartPage :30 - Clicking on 'Start Now' button  [[ChromeDriver: chrome on WINDOWS (caf4c51989c09be93b5bb068a1990f41)] -> xpath: //a[normalize-space()='Start now']]
2021-12-13 16:12:238 INFO  SelectNationalityPage :29 - Selecting Nationality  [[ChromeDriver: chrome on WINDOWS (caf4c51989c09be93b5bb068a1990f41)] -> xpath: //select[@id='response']]
2021-12-13 16:12:288 INFO  SelectNationalityPage :34 - Clicking on continue button  [[ChromeDriver: chrome on WINDOWS (caf4c51989c09be93b5bb068a1990f41)] -> xpath: //button[contains(text(),'Continue')]]
2021-12-13 16:12:497 INFO  ReasonForTravelPage :30 - Selecting Reason for visit  [[[ChromeDriver: chrome on WINDOWS (caf4c51989c09be93b5bb068a1990f41)] -> xpath: //div[@class='govuk-radios']//label], [[ChromeDriver: chrome on WINDOWS (caf4c51989c09be93b5bb068a1990f41)] -> xpath: //div[@class='govuk-radios']//label], [[ChromeDriver: chrome on WINDOWS (caf4c51989c09be93b5bb068a1990f41)] -> xpath: //div[@class='govuk-radios']//label], [[ChromeDriver: chrome on WINDOWS (caf4c51989c09be93b5bb068a1990f41)] -> xpath: //div[@class='govuk-radios']//label], [[ChromeDriver: chrome on WINDOWS (caf4c51989c09be93b5bb068a1990f41)] -> xpath: //div[@class='govuk-radios']//label], [[ChromeDriver: chrome on WINDOWS (caf4c51989c09be93b5bb068a1990f41)] -> xpath: //div[@class='govuk-radios']//label], [[ChromeDriver: chrome on WINDOWS (caf4c51989c09be93b5bb068a1990f41)] -> xpath: //div[@class='govuk-radios']//label], [[ChromeDriver: chrome on WINDOWS (caf4c51989c09be93b5bb068a1990f41)] -> xpath: //div[@class='govuk-radios']//label], [[ChromeDriver: chrome on WINDOWS (caf4c51989c09be93b5bb068a1990f41)] -> xpath: //div[@class='govuk-radios']//label]]
2021-12-13 16:12:542 INFO  ReasonForTravelPage :40 - Clicking on continue button  [[ChromeDriver: chrome on WINDOWS (caf4c51989c09be93b5bb068a1990f41)] -> xpath: //button[text()='Continue']]
2021-12-13 16:12:696 INFO  ResultPage :24 - Getting result message [[ChromeDriver: chrome on WINDOWS (caf4c51989c09be93b5bb068a1990f41)] -> xpath: //*[@id='result-info']/div[2]/h2]
2021-12-13 16:12:312 INFO  ManageDriver :30 - Launching Chrome Browser
2021-12-13 16:12:793 INFO  StartPage :28 - Clicking on 'Accept All' Cookies  [[ChromeDriver: chrome on WINDOWS (5ec1ad99557affd8bb7989464ad0352b)] -> xpath: //button[normalize-space()='Accept additional cookies']]
2021-12-13 16:12:832 INFO  StartPage :30 - Clicking on 'Start Now' button  [[ChromeDriver: chrome on WINDOWS (5ec1ad99557affd8bb7989464ad0352b)] -> xpath: //a[normalize-space()='Start now']]
2021-12-13 16:12:966 INFO  SelectNationalityPage :29 - Selecting Nationality  [[ChromeDriver: chrome on WINDOWS (5ec1ad99557affd8bb7989464ad0352b)] -> xpath: //select[@id='response']]
2021-12-13 16:12:09 INFO  SelectNationalityPage :34 - Clicking on continue button  [[ChromeDriver: chrome on WINDOWS (5ec1ad99557affd8bb7989464ad0352b)] -> xpath: //button[contains(text(),'Continue')]]
2021-12-13 16:12:119 INFO  ReasonForTravelPage :30 - Selecting Reason for visit  [[[ChromeDriver: chrome on WINDOWS (5ec1ad99557affd8bb7989464ad0352b)] -> xpath: //div[@class='govuk-radios']//label], [[ChromeDriver: chrome on WINDOWS (5ec1ad99557affd8bb7989464ad0352b)] -> xpath: //div[@class='govuk-radios']//label], [[ChromeDriver: chrome on WINDOWS (5ec1ad99557affd8bb7989464ad0352b)] -> xpath: //div[@class='govuk-radios']//label], [[ChromeDriver: chrome on WINDOWS (5ec1ad99557affd8bb7989464ad0352b)] -> xpath: //div[@class='govuk-radios']//label], [[ChromeDriver: chrome on WINDOWS (5ec1ad99557affd8bb7989464ad0352b)] -> xpath: //div[@class='govuk-radios']//label], [[ChromeDriver: chrome on WINDOWS (5ec1ad99557affd8bb7989464ad0352b)] -> xpath: //div[@class='govuk-radios']//label], [[ChromeDriver: chrome on WINDOWS (5ec1ad99557affd8bb7989464ad0352b)] -> xpath: //div[@class='govuk-radios']//label], [[ChromeDriver: chrome on WINDOWS (5ec1ad99557affd8bb7989464ad0352b)] -> xpath: //div[@class='govuk-radios']//label], [[ChromeDriver: chrome on WINDOWS (5ec1ad99557affd8bb7989464ad0352b)] -> xpath: //div[@class='govuk-radios']//label]]
2021-12-13 16:12:169 INFO  ReasonForTravelPage :40 - Clicking on continue button  [[ChromeDriver: chrome on WINDOWS (5ec1ad99557affd8bb7989464ad0352b)] -> xpath: //button[text()='Continue']]
2021-12-13 16:12:280 INFO  DurationOfStayPage :32 - Selecting length of stay: [[[ChromeDriver: chrome on WINDOWS (5ec1ad99557affd8bb7989464ad0352b)] -> xpath: //input[@type='radio']], [[ChromeDriver: chrome on WINDOWS (5ec1ad99557affd8bb7989464ad0352b)] -> xpath: //input[@type='radio']]]
2021-12-13 16:12:314 INFO  DurationOfStayPage :44 - Clicking on Continue button  [[ChromeDriver: chrome on WINDOWS (5ec1ad99557affd8bb7989464ad0352b)] -> xpath: //button[text()='Continue']]
2021-12-13 16:12:428 INFO  WorkTypePage :30 - Selecting Job Type  [[[ChromeDriver: chrome on WINDOWS (5ec1ad99557affd8bb7989464ad0352b)] -> xpath: //div[@class='govuk-radios']//label], [[ChromeDriver: chrome on WINDOWS (5ec1ad99557affd8bb7989464ad0352b)] -> xpath: //div[@class='govuk-radios']//label], [[ChromeDriver: chrome on WINDOWS (5ec1ad99557affd8bb7989464ad0352b)] -> xpath: //div[@class='govuk-radios']//label], [[ChromeDriver: chrome on WINDOWS (5ec1ad99557affd8bb7989464ad0352b)] -> xpath: //div[@class='govuk-radios']//label], [[ChromeDriver: chrome on WINDOWS (5ec1ad99557affd8bb7989464ad0352b)] -> xpath: //div[@class='govuk-radios']//label], [[ChromeDriver: chrome on WINDOWS (5ec1ad99557affd8bb7989464ad0352b)] -> xpath: //div[@class='govuk-radios']//label], [[ChromeDriver: chrome on WINDOWS (5ec1ad99557affd8bb7989464ad0352b)] -> xpath: //div[@class='govuk-radios']//label], [[ChromeDriver: chrome on WINDOWS (5ec1ad99557affd8bb7989464ad0352b)] -> xpath: //div[@class='govuk-radios']//label]]
2021-12-13 16:12:469 INFO  WorkTypePage :40 - Clicking on 'Continue' button  [[ChromeDriver: chrome on WINDOWS (5ec1ad99557affd8bb7989464ad0352b)] -> xpath: //button[text()='Continue']]
2021-12-13 16:12:614 INFO  ResultPage :24 - Getting result message [[ChromeDriver: chrome on WINDOWS (5ec1ad99557affd8bb7989464ad0352b)] -> xpath: //*[@id='result-info']/div[2]/h2]
2021-12-13 16:12:221 INFO  ManageDriver :30 - Launching Chrome Browser
2021-12-13 16:12:702 INFO  StartPage :28 - Clicking on 'Accept All' Cookies  [[ChromeDriver: chrome on WINDOWS (7ba277ecc0d67683390f49c0d403b8aa)] -> xpath: //button[normalize-space()='Accept additional cookies']]
2021-12-13 16:12:737 INFO  StartPage :30 - Clicking on 'Start Now' button  [[ChromeDriver: chrome on WINDOWS (7ba277ecc0d67683390f49c0d403b8aa)] -> xpath: //a[normalize-space()='Start now']]
2021-12-13 16:12:870 INFO  SelectNationalityPage :29 - Selecting Nationality  [[ChromeDriver: chrome on WINDOWS (7ba277ecc0d67683390f49c0d403b8aa)] -> xpath: //select[@id='response']]
2021-12-13 16:12:916 INFO  SelectNationalityPage :34 - Clicking on continue button  [[ChromeDriver: chrome on WINDOWS (7ba277ecc0d67683390f49c0d403b8aa)] -> xpath: //button[contains(text(),'Continue')]]
2021-12-13 16:12:60 INFO  ReasonForTravelPage :30 - Selecting Reason for visit  [[[ChromeDriver: chrome on WINDOWS (7ba277ecc0d67683390f49c0d403b8aa)] -> xpath: //div[@class='govuk-radios']//label], [[ChromeDriver: chrome on WINDOWS (7ba277ecc0d67683390f49c0d403b8aa)] -> xpath: //div[@class='govuk-radios']//label], [[ChromeDriver: chrome on WINDOWS (7ba277ecc0d67683390f49c0d403b8aa)] -> xpath: //div[@class='govuk-radios']//label], [[ChromeDriver: chrome on WINDOWS (7ba277ecc0d67683390f49c0d403b8aa)] -> xpath: //div[@class='govuk-radios']//label], [[ChromeDriver: chrome on WINDOWS (7ba277ecc0d67683390f49c0d403b8aa)] -> xpath: //div[@class='govuk-radios']//label], [[ChromeDriver: chrome on WINDOWS (7ba277ecc0d67683390f49c0d403b8aa)] -> xpath: //div[@class='govuk-radios']//label], [[ChromeDriver: chrome on WINDOWS (7ba277ecc0d67683390f49c0d403b8aa)] -> xpath: //div[@class='govuk-radios']//label], [[ChromeDriver: chrome on WINDOWS (7ba277ecc0d67683390f49c0d403b8aa)] -> xpath: //div[@class='govuk-radios']//label], [[ChromeDriver: chrome on WINDOWS (7ba277ecc0d67683390f49c0d403b8aa)] -> xpath: //div[@class='govuk-radios']//label]]
2021-12-13 16:12:130 INFO  ReasonForTravelPage :40 - Clicking on continue button  [[ChromeDriver: chrome on WINDOWS (7ba277ecc0d67683390f49c0d403b8aa)] -> xpath: //button[text()='Continue']]
2021-12-13 16:12:249 INFO  FamilyImmigrationStatusPage :31 - Selecting immigration status  [[[ChromeDriver: chrome on WINDOWS (7ba277ecc0d67683390f49c0d403b8aa)] -> xpath: //div[@class='govuk-radios']//label], [[ChromeDriver: chrome on WINDOWS (7ba277ecc0d67683390f49c0d403b8aa)] -> xpath: //div[@class='govuk-radios']//label]]
2021-12-13 16:12:290 INFO  FamilyImmigrationStatusPage :40 - Clicking on continue button  [[ChromeDriver: chrome on WINDOWS (7ba277ecc0d67683390f49c0d403b8aa)] -> xpath: //button[text()='Continue']]
2021-12-13 16:12:431 INFO  ResultPage :24 - Getting result message [[ChromeDriver: chrome on WINDOWS (7ba277ecc0d67683390f49c0d403b8aa)] -> xpath: //*[@id='result-info']/div[2]/h2]
